<?xml version="1.0" encoding="UTF-8"?>
<testng-results ignored="0" total="4" passed="3" failed="1" skipped="0">
  <reporter-output>
  </reporter-output>
  <suite started-at="2022-11-09T19:15:27Z" name="Default suite" finished-at="2022-11-09T19:16:06Z" duration-ms="39684">
    <groups>
    </groups>
    <test started-at="2022-11-09T19:15:27Z" name="Default test" finished-at="2022-11-09T19:16:06Z" duration-ms="39684">
      <class name="com.online.mobile.Mobilenames">
        <test-method is-config="true" signature="mob1()[pri:0, instance:com.online.mobile.Mobilenames@1fa1cab1]" started-at="2022-11-09T19:15:27Z" name="mob1" finished-at="2022-11-09T19:15:32Z" duration-ms="5126" status="PASS">
          <reporter-output>
          </reporter-output>
        </test-method> <!-- mob1 -->
        <test-method signature="mob2()[pri:0, instance:com.online.mobile.Mobilenames@1fa1cab1]" started-at="2022-11-09T19:15:32Z" name="mob2" finished-at="2022-11-09T19:15:34Z" duration-ms="2540" status="PASS">
          <reporter-output>
          </reporter-output>
        </test-method> <!-- mob2 -->
        <test-method is-config="true" signature="mob6()[pri:0, instance:com.online.mobile.Mobilenames@1fa1cab1]" started-at="2022-11-09T19:15:34Z" name="mob6" finished-at="2022-11-09T19:15:34Z" duration-ms="0" status="PASS">
          <reporter-output>
          </reporter-output>
        </test-method> <!-- mob6 -->
        <test-method signature="mob3()[pri:0, instance:com.online.mobile.Mobilenames@1fa1cab1]" started-at="2022-11-09T19:15:34Z" name="mob3" finished-at="2022-11-09T19:15:38Z" duration-ms="4216" status="PASS">
          <reporter-output>
          </reporter-output>
        </test-method> <!-- mob3 -->
        <test-method is-config="true" signature="mob6()[pri:0, instance:com.online.mobile.Mobilenames@1fa1cab1]" started-at="2022-11-09T19:15:38Z" name="mob6" finished-at="2022-11-09T19:15:38Z" duration-ms="1" status="PASS">
          <reporter-output>
          </reporter-output>
        </test-method> <!-- mob6 -->
        <test-method signature="mob4()[pri:0, instance:com.online.mobile.Mobilenames@1fa1cab1]" started-at="2022-11-09T19:15:38Z" name="mob4" finished-at="2022-11-09T19:15:40Z" duration-ms="1190" status="PASS">
          <reporter-output>
          </reporter-output>
        </test-method> <!-- mob4 -->
        <test-method is-config="true" signature="mob6()[pri:0, instance:com.online.mobile.Mobilenames@1fa1cab1]" started-at="2022-11-09T19:15:40Z" name="mob6" finished-at="2022-11-09T19:15:40Z" duration-ms="0" status="PASS">
          <reporter-output>
          </reporter-output>
        </test-method> <!-- mob6 -->
        <test-method signature="mob5()[pri:0, instance:com.online.mobile.Mobilenames@1fa1cab1]" started-at="2022-11-09T19:15:40Z" name="mob5" finished-at="2022-11-09T19:16:06Z" duration-ms="26571" status="FAIL">
          <exception class="org.openqa.selenium.NoSuchWindowException">
            <message>
              <![CDATA[no such window: target window already closed
from unknown error: web view not found
  (Session info: chrome=107.0.5304.87)
Build info: version: '4.4.0', revision: 'e5c75ed026a'
System info: host: 'Dineshs-MBP', ip: 'fe80:0:0:0:8dd:cc1f:22f1:b4db%en0', os.name: 'Mac OS X', os.arch: 'x86_64', os.version: '12.5', java.version: '17.0.3'
Driver info: org.openqa.selenium.chrome.ChromeDriver
Command: [142d24bf164f9b797fb41c70f9afa5ef, clickElement {id=eb88d926-565b-45fc-b1e5-72fa797bb7ce}]
Capabilities {acceptInsecureCerts: false, browserName: chrome, browserVersion: 107.0.5304.87, chrome: {chromedriverVersion: 107.0.5304.62 (1eec40d3a576..., userDataDir: /var/folders/rp/_b1xmpls78z...}, goog:chromeOptions: {debuggerAddress: localhost:50961}, networkConnectionEnabled: false, pageLoadStrategy: normal, platformName: MAC, proxy: Proxy(), se:cdp: ws://localhost:50961/devtoo..., se:cdpVersion: 107.0.5304.87, setWindowRect: true, strictFileInteractability: false, timeouts: {implicit: 0, pageLoad: 300000, script: 30000}, unhandledPromptBehavior: dismiss and notify, webauthn:extension:credBlob: true, webauthn:extension:largeBlob: true, webauthn:virtualAuthenticators: true}
Element: [[ChromeDriver: chrome on MAC (142d24bf164f9b797fb41c70f9afa5ef)] -> xpath: (//span[@class='a-size-medium a-color-base a-text-normal'])[1]]
Session ID: 142d24bf164f9b797fb41c70f9afa5ef]]>
            </message>
            <full-stacktrace>
              <![CDATA[org.openqa.selenium.NoSuchWindowException: no such window: target window already closed
from unknown error: web view not found
  (Session info: chrome=107.0.5304.87)
Build info: version: '4.4.0', revision: 'e5c75ed026a'
System info: host: 'Dineshs-MBP', ip: 'fe80:0:0:0:8dd:cc1f:22f1:b4db%en0', os.name: 'Mac OS X', os.arch: 'x86_64', os.version: '12.5', java.version: '17.0.3'
Driver info: org.openqa.selenium.chrome.ChromeDriver
Command: [142d24bf164f9b797fb41c70f9afa5ef, clickElement {id=eb88d926-565b-45fc-b1e5-72fa797bb7ce}]
Capabilities {acceptInsecureCerts: false, browserName: chrome, browserVersion: 107.0.5304.87, chrome: {chromedriverVersion: 107.0.5304.62 (1eec40d3a576..., userDataDir: /var/folders/rp/_b1xmpls78z...}, goog:chromeOptions: {debuggerAddress: localhost:50961}, networkConnectionEnabled: false, pageLoadStrategy: normal, platformName: MAC, proxy: Proxy(), se:cdp: ws://localhost:50961/devtoo..., se:cdpVersion: 107.0.5304.87, setWindowRect: true, strictFileInteractability: false, timeouts: {implicit: 0, pageLoad: 300000, script: 30000}, unhandledPromptBehavior: dismiss and notify, webauthn:extension:credBlob: true, webauthn:extension:largeBlob: true, webauthn:virtualAuthenticators: true}
Element: [[ChromeDriver: chrome on MAC (142d24bf164f9b797fb41c70f9afa5ef)] -> xpath: (//span[@class='a-size-medium a-color-base a-text-normal'])[1]]
Session ID: 142d24bf164f9b797fb41c70f9afa5ef
at java.base/jdk.internal.reflect.NativeConstructorAccessorImpl.newInstance0(Native Method)
at java.base/jdk.internal.reflect.NativeConstructorAccessorImpl.newInstance(NativeConstructorAccessorImpl.java:77)
at java.base/jdk.internal.reflect.DelegatingConstructorAccessorImpl.newInstance(DelegatingConstructorAccessorImpl.java:45)
at java.base/java.lang.reflect.Constructor.newInstanceWithCaller(Constructor.java:499)
at java.base/java.lang.reflect.Constructor.newInstance(Constructor.java:480)
at org.openqa.selenium.remote.codec.w3c.W3CHttpResponseCodec.createException(W3CHttpResponseCodec.java:200)
at org.openqa.selenium.remote.codec.w3c.W3CHttpResponseCodec.decode(W3CHttpResponseCodec.java:133)
at org.openqa.selenium.remote.codec.w3c.W3CHttpResponseCodec.decode(W3CHttpResponseCodec.java:53)
at org.openqa.selenium.remote.HttpCommandExecutor.execute(HttpCommandExecutor.java:184)
at org.openqa.selenium.remote.service.DriverCommandExecutor.invokeExecute(DriverCommandExecutor.java:167)
at org.openqa.selenium.remote.service.DriverCommandExecutor.execute(DriverCommandExecutor.java:142)
at org.openqa.selenium.remote.RemoteWebDriver.execute(RemoteWebDriver.java:547)
at org.openqa.selenium.remote.RemoteWebElement.execute(RemoteWebElement.java:257)
at org.openqa.selenium.remote.RemoteWebElement.click(RemoteWebElement.java:78)
at com.online.mobile.Mobilenames.mob5(Mobilenames.java:134)
at java.base/jdk.internal.reflect.NativeMethodAccessorImpl.invoke0(Native Method)
at java.base/jdk.internal.reflect.NativeMethodAccessorImpl.invoke(NativeMethodAccessorImpl.java:77)
at java.base/jdk.internal.reflect.DelegatingMethodAccessorImpl.invoke(DelegatingMethodAccessorImpl.java:43)
at java.base/java.lang.reflect.Method.invoke(Method.java:568)
at org.testng.internal.MethodInvocationHelper.invokeMethod(MethodInvocationHelper.java:124)
at org.testng.internal.Invoker.invokeMethod(Invoker.java:583)
at org.testng.internal.Invoker.invokeTestMethod(Invoker.java:719)
at org.testng.internal.Invoker.invokeTestMethods(Invoker.java:989)
at org.testng.internal.TestMethodWorker.invokeTestMethods(TestMethodWorker.java:125)
at org.testng.internal.TestMethodWorker.run(TestMethodWorker.java:109)
at org.testng.TestRunner.privateRun(TestRunner.java:648)
at org.testng.TestRunner.run(TestRunner.java:505)
at org.testng.SuiteRunner.runTest(SuiteRunner.java:455)
at org.testng.SuiteRunner.runSequentially(SuiteRunner.java:450)
at org.testng.SuiteRunner.privateRun(SuiteRunner.java:415)
at org.testng.SuiteRunner.run(SuiteRunner.java:364)
at org.testng.SuiteRunnerWorker.runSuite(SuiteRunnerWorker.java:52)
at org.testng.SuiteRunnerWorker.run(SuiteRunnerWorker.java:84)
at org.testng.TestNG.runSuitesSequentially(TestNG.java:1208)
at org.testng.TestNG.runSuitesLocally(TestNG.java:1137)
at org.testng.TestNG.runSuites(TestNG.java:1049)
at org.testng.TestNG.run(TestNG.java:1017)
at org.testng.remote.AbstractRemoteTestNG.run(AbstractRemoteTestNG.java:115)
at org.testng.remote.RemoteTestNG.initAndRun(RemoteTestNG.java:251)
at org.testng.remote.RemoteTestNG.main(RemoteTestNG.java:77)
]]>
            </full-stacktrace>
          </exception> <!-- org.openqa.selenium.NoSuchWindowException -->
          <reporter-output>
          </reporter-output>
        </test-method> <!-- mob5 -->
        <test-method is-config="true" signature="mob6()[pri:0, instance:com.online.mobile.Mobilenames@1fa1cab1]" started-at="2022-11-09T19:16:06Z" name="mob6" finished-at="2022-11-09T19:16:06Z" duration-ms="0" status="PASS">
          <reporter-output>
          </reporter-output>
        </test-method> <!-- mob6 -->
      </class> <!-- com.online.mobile.Mobilenames -->
    </test> <!-- Default test -->
  </suite> <!-- Default suite -->
</testng-results>
